[0808/194242:ERROR:process_info.cc(330)] VirtualQueryEx: 액세스가 거부되었습니다. (0x5)
[0808/194242:ERROR:process_info.cc(547)] ReadMemoryInfo failed
[0808/194242:ERROR:process_info.cc(608)] range at 0x7742ab40, size 0x24 fully unreadable
[0808/194242:ERROR:process_info.cc(608)] range at 0x7732bc84, size 0x12 fully unreadable
[0808/194242:ERROR:process_info.cc(608)] range at 0x7732bc84, size 0x12 fully unreadable
[0808/194242:ERROR:process_info.cc(608)] range at 0x7732bc84, size 0x12 fully unreadable
[0808/194242:ERROR:process_info.cc(608)] range at 0x774284b8, size 0x18 fully unreadable
[0808/194242:ERROR:process_info.cc(608)] range at 0x7742883c, size 0x20 fully unreadable
[0808/194242:ERROR:process_reader_win.cc(232)] ReadMemory at 0x73ee0000 of 64 bytes failed: ReadProcessMemory 또는 WriteProcessMemory의 일부 작업만을 마쳤습니다. (0x12B)
[0808/194242:WARNING:pe_image_reader.cc(280)] could not read dos header from C:\WINDOWS\SYSTEM32\bcrypt.dll
[0808/194242:ERROR:process_reader_win.cc(232)] ReadMemory at 0x72a30000 of 64 bytes failed: ReadProcessMemory 또는 WriteProcessMemory의 일부 작업만을 마쳤습니다. (0x12B)
[0808/194242:WARNING:pe_image_reader.cc(280)] could not read dos header from C:\WINDOWS\WinSxS\x86_microsoft.windows.common-controls_6595b64144ccf1df_6.0.10586.494_none_ea85e725b9ba5a4b\COMCTL32.dll
[0808/194242:ERROR:process_reader_win.cc(232)] ReadMemory at 0x73420000 of 64 bytes failed: ReadProcessMemory 또는 WriteProcessMemory의 일부 작업만을 마쳤습니다. (0x12B)
[0808/194242:WARNING:pe_image_reader.cc(280)] could not read dos header from C:\WINDOWS\SYSTEM32\fwbase.dll
[0808/194242:ERROR:process_reader_win.cc(232)] ReadMemory at 0x73450000 of 64 bytes failed: ReadProcessMemory 또는 WriteProcessMemory의 일부 작업만을 마쳤습니다. (0x12B)
[0808/194242:WARNING:pe_image_reader.cc(280)] could not read dos header from C:\WINDOWS\SYSTEM32\DAVHLPR.DLL
[0808/194242:ERROR:process_reader_win.cc(232)] ReadMemory at 0x73ca0000 of 64 bytes failed: ReadProcessMemory 또는 WriteProcessMemory의 일부 작업만을 마쳤습니다. (0x12B)
[0808/194242:WARNING:pe_image_reader.cc(280)] could not read dos header from C:\WINDOWS\SYSTEM32\IPHLPAPI.DLL
[0808/194242:ERROR:process_reader_win.cc(232)] ReadMemory at 0x756f0000 of 64 bytes failed: ReadProcessMemory 또는 WriteProcessMemory의 일부 작업만을 마쳤습니다. (0x12B)
[0808/194242:WARNING:pe_image_reader.cc(280)] could not read dos header from C:\WINDOWS\SYSTEM32\CRYPT32.dll
[0808/194242:ERROR:process_reader_win.cc(232)] ReadMemory at 0x75d70000 of 64 bytes failed: ReadProcessMemory 또는 WriteProcessMemory의 일부 작업만을 마쳤습니다. (0x12B)
[0808/194242:WARNING:pe_image_reader.cc(280)] could not read dos header from C:\WINDOWS\SYSTEM32\WINTRUST.dll
[0808/194242:ERROR:process_reader_win.cc(232)] ReadMemory at 0x72340000 of 64 bytes failed: ReadProcessMemory 또는 WriteProcessMemory의 일부 작업만을 마쳤습니다. (0x12B)
[0808/194242:WARNING:pe_image_reader.cc(280)] could not read dos header from C:\WINDOWS\SYSTEM32\Secur32.dll
[0808/194242:ERROR:process_reader_win.cc(232)] ReadMemory at 0x5a7f0000 of 64 bytes failed: ReadProcessMemory 또는 WriteProcessMemory의 일부 작업만을 마쳤습니다. (0x12B)
[0808/194242:WARNING:pe_image_reader.cc(280)] could not read dos header from C:\Program Files (x86)\Google\Chrome\Application\51.0.2704.103\chrome_child.dll
[0808/194242:ERROR:process_reader_win.cc(232)] ReadMemory at 0x6f6c0000 of 64 bytes failed: ReadProcessMemory 또는 WriteProcessMemory의 일부 작업만을 마쳤습니다. (0x12B)
[0808/194242:WARNING:pe_image_reader.cc(280)] could not read dos header from C:\WINDOWS\SYSTEM32\dwrite.dll
[0808/194242:ERROR:process_reader_win.cc(232)] ReadMemory at 0x1090000 of 64 bytes failed: ReadProcessMemory 또는 WriteProcessMemory의 일부 작업만을 마쳤습니다. (0x12B)
[0808/194242:WARNING:pe_image_reader.cc(280)] could not read dos header from C:\Program Files (x86)\Google\Chrome\Application\chrome.exe
[0808/194242:ERROR:process_reader_win.cc(232)] ReadMemory at 0x77320000 of 64 bytes failed: ReadProcessMemory 또는 WriteProcessMemory의 일부 작업만을 마쳤습니다. (0x12B)
[0808/194242:WARNING:pe_image_reader.cc(280)] could not read dos header from C:\WINDOWS\SYSTEM32\ntdll.dll
[0808/194242:ERROR:process_reader_win.cc(232)] ReadMemory at 0x76b80000 of 64 bytes failed: ReadProcessMemory 또는 WriteProcessMemory의 일부 작업만을 마쳤습니다. (0x12B)
[0808/194242:WARNING:pe_image_reader.cc(280)] could not read dos header from C:\WINDOWS\SYSTEM32\KERNELBASE.dll
[0808/194242:ERROR:process_reader_win.cc(232)] ReadMemory at 0x76a30000 of 64 bytes failed: ReadProcessMemory 또는 WriteProcessMemory의 일부 작업만을 마쳤습니다. (0x12B)
[0808/194242:WARNING:pe_image_reader.cc(280)] could not read dos header from C:\WINDOWS\SYSTEM32\KERNEL32.DLL
[0808/194242:ERROR:process_reader_win.cc(232)] ReadMemory at 0x73f80000 of 64 bytes failed: ReadProcessMemory 또는 WriteProcessMemory의 일부 작업만을 마쳤습니다. (0x12B)
[0808/194242:WARNING:pe_image_reader.cc(280)] could not read dos header from C:\WINDOWS\system32\apphelp.dll
[0808/194242:ERROR:process_reader_win.cc(232)] ReadMemory at 0x768c0000 of 64 bytes failed: ReadProcessMemory 또는 WriteProcessMemory의 일부 작업만을 마쳤습니다. (0x12B)
[0808/194242:WARNING:pe_image_reader.cc(280)] could not read dos header from C:\WINDOWS\SYSTEM32\msvcrt.dll
[0808/194242:ERROR:process_reader_win.cc(232)] ReadMemory at 0x772c0000 of 64 bytes failed: ReadProcessMemory 또는 WriteProcessMemory의 일부 작업만을 마쳤습니다. (0x12B)
[0808/194242:WARNING:pe_image_reader.cc(280)] could not read dos header from C:\WINDOWS\SYSTEM32\bcryptPrimitives.dll
[0808/194242:ERROR:process_reader_win.cc(232)] ReadMemory at 0x74020000 of 64 bytes failed: ReadProcessMemory 또는 WriteProcessMemory의 일부 작업만을 마쳤습니다. (0x12B)
[0808/194242:WARNING:pe_image_reader.cc(280)] could not read dos header from C:\WINDOWS\SYSTEM32\CRYPTBASE.dll
[0808/194242:ERROR:process_reader_win.cc(232)] ReadMemory at 0x74030000 of 64 bytes failed: ReadProcessMemory 또는 WriteProcessMemory의 일부 작업만을 마쳤습니다. (0x12B)
[0808/194242:WARNING:pe_image_reader.cc(280)] could not read dos header from C:\WINDOWS\SYSTEM32\SspiCli.dll
[0808/194242:ERROR:process_reader_win.cc(232)] ReadMemory at 0x765c0000 of 64 bytes failed: ReadProcessMemory 또는 WriteProcessMemory의 일부 작업만을 마쳤습니다. (0x12B)
[0808/194242:WARNING:pe_image_reader.cc(280)] could not read dos header from C:\WINDOWS\SYSTEM32\RPCRT4.dll
[0808/194242:ERROR:process_reader_win.cc(232)] ReadMemory at 0x76980000 of 64 bytes failed: ReadProcessMemory 또는 WriteProcessMemory의 일부 작업만을 마쳤습니다. (0x12B)
[0808/194242:WARNING:pe_image_reader.cc(280)] could not read dos header from C:\WINDOWS\SYSTEM32\sechost.dll
[0808/194242:ERROR:process_reader_win.cc(232)] ReadMemory at 0x75e70000 of 64 bytes failed: ReadProcessMemory 또는 WriteProcessMemory의 일부 작업만을 마쳤습니다. (0x12B)
[0808/194242:WARNING:pe_image_reader.cc(280)] could not read dos header from C:\WINDOWS\SYSTEM32\ADVAPI32.dll
[0808/194242:ERROR:process_reader_win.cc(232)] ReadMemory at 0x5fc80000 of 64 bytes failed: ReadProcessMemory 또는 WriteProcessMemory의 일부 작업만을 마쳤습니다. (0x12B)
[0808/194242:WARNING:pe_image_reader.cc(280)] could not read dos header from C:\Program Files (x86)\Google\Chrome\Application\51.0.2704.103\chrome_elf.dll
[0808/194242:ERROR:process_reader_win.cc(232)] ReadMemory at 0x73f00000 of 64 bytes failed: ReadProcessMemory 또는 WriteProcessMemory의 일부 작업만을 마쳤습니다. (0x12B)
[0808/194242:WARNING:pe_image_reader.cc(280)] could not read dos header from C:\WINDOWS\SYSTEM32\VERSION.dll
[0808/194242:ERROR:process_reader_win.cc(232)] ReadMemory at 0x771d0000 of 64 bytes failed: ReadProcessMemory 또는 WriteProcessMemory의 일부 작업만을 마쳤습니다. (0x12B)
[0808/194242:WARNING:pe_image_reader.cc(280)] could not read dos header from C:\WINDOWS\SYSTEM32\cfgmgr32.dll
[0808/194242:ERROR:process_reader_win.cc(232)] ReadMemory at 0x734d0000 of 64 bytes failed: ReadProcessMemory 또는 WriteProcessMemory의 일부 작업만을 마쳤습니다. (0x12B)
[0808/194242:WARNING:pe_image_reader.cc(280)] could not read dos header from C:\WINDOWS\SYSTEM32\WINMMBASE.dll
[0808/194242:ERROR:process_reader_win.cc(232)] ReadMemory at 0x76ea0000 of 64 bytes failed: ReadProcessMemory 또는 WriteProcessMemory의 일부 작업만을 마쳤습니다. (0x12B)
[0808/194242:WARNING:pe_image_reader.cc(280)] could not read dos header from C:\WINDOWS\SYSTEM32\GDI32.dll
[0808/194242:ERROR:process_reader_win.cc(232)] ReadMemory at 0x76d50000 of 64 bytes failed: ReadProcessMemory 또는 WriteProcessMemory의 일부 작업만을 마쳤습니다. (0x12B)
[0808/194242:WARNING:pe_image_reader.cc(280)] could not read dos header from C:\WINDOWS\SYSTEM32\USER32.dll
[0808/194242:ERROR:process_reader_win.cc(232)] ReadMemory at 0x756c0000 of 64 bytes failed: ReadProcessMemory 또는 WriteProcessMemory의 일부 작업만을 마쳤습니다. (0x12B)
[0808/194242:WARNING:pe_image_reader.cc(280)] could not read dos header from C:\WINDOWS\SYSTEM32\IMM32.DLL
[0808/194242:ERROR:process_reader_win.cc(232)] ReadMemory at 0x73b80000 of 64 bytes failed: ReadProcessMemory 또는 WriteProcessMemory의 일부 작업만을 마쳤습니다. (0x12B)
[0808/194242:WARNING:pe_image_reader.cc(280)] could not read dos header from C:\WINDOWS\SYSTEM32\WINMM.dll
[0808/194242:ERROR:process_reader_win.cc(232)] ReadMemory at 0x77210000 of 64 bytes failed: ReadProcessMemory 또는 WriteProcessMemory의 일부 작업만을 마쳤습니다. (0x12B)
[0808/194242:WARNING:pe_image_reader.cc(280)] could not read dos header from C:\WINDOWS\SYSTEM32\profapi.dll
[0808/194242:ERROR:process_reader_win.cc(232)] ReadMemory at 0x73b60000 of 64 bytes failed: ReadProcessMemory 또는 WriteProcessMemory의 일부 작업만을 마쳤습니다. (0x12B)
[0808/194242:WARNING:pe_image_reader.cc(280)] could not read dos header from C:\WINDOWS\SYSTEM32\USERENV.dll
[0808/194242:ERROR:process_reader_win.cc(232)] ReadMemory at 0x73e90000 of 64 bytes failed: ReadProcessMemory 또는 WriteProcessMemory의 일부 작업만을 마쳤습니다. (0x12B)
[0808/194242:WARNING:pe_image_reader.cc(280)] could not read dos header from C:\WINDOWS\SYSTEM32\WTSAPI32.dll
[0808/194242:ERROR:process_reader_win.cc(232)] ReadMemory at 0x73bb0000 of 64 bytes failed: ReadProcessMemory 또는 WriteProcessMemory의 일부 작업만을 마쳤습니다. (0x12B)
[0808/194242:WARNING:pe_image_reader.cc(280)] could not read dos header from C:\WINDOWS\SYSTEM32\WINHTTP.dll
[0808/194242:ERROR:process_reader_win.cc(232)] ReadMemory at 0x740a0000 of 64 bytes failed: ReadProcessMemory 또는 WriteProcessMemory의 일부 작업만을 마쳤습니다. (0x12B)
[0808/194242:WARNING:pe_image_reader.cc(280)] could not read dos header from C:\WINDOWS\SYSTEM32\combase.dll
[0808/194242:ERROR:process_reader_win.cc(232)] ReadMemory at 0x74050000 of 64 bytes failed: ReadProcessMemory 또는 WriteProcessMemory의 일부 작업만을 마쳤습니다. (0x12B)
[0808/194242:WARNING:pe_image_reader.cc(280)] could not read dos header from C:\WINDOWS\SYSTEM32\shlwapi.dll
[0808/194242:ERROR:process_reader_win.cc(232)] ReadMemory at 0x75f80000 of 64 bytes failed: ReadProcessMemory 또는 WriteProcessMemory의 일부 작업만을 마쳤습니다. (0x12B)
[0808/194242:WARNING:pe_image_reader.cc(280)] could not read dos header from C:\WINDOWS\SYSTEM32\kernel.appcore.dll
[0808/194242:ERROR:process_reader_win.cc(232)] ReadMemory at 0x75dc0000 of 64 bytes failed: ReadProcessMemory 또는 WriteProcessMemory의 일부 작업만을 마쳤습니다. (0x12B)
[0808/194242:WARNING:pe_image_reader.cc(280)] could not read dos header from C:\WINDOWS\SYSTEM32\shcore.dll
[0808/194242:ERROR:process_reader_win.cc(232)] ReadMemory at 0x76d00000 of 64 bytes failed: ReadProcessMemory 또는 WriteProcessMemory의 일부 작업만을 마쳤습니다. (0x12B)
[0808/194242:WARNING:pe_image_reader.cc(280)] could not read dos header from C:\WINDOWS\SYSTEM32\powrprof.dll
[0808/194242:ERROR:process_reader_win.cc(232)] ReadMemory at 0x75870000 of 64 bytes failed: ReadProcessMemory 또는 WriteProcessMemory의 일부 작업만을 마쳤습니다. (0x12B)
[0808/194242:WARNING:pe_image_reader.cc(280)] could not read dos header from C:\WINDOWS\SYSTEM32\windows.storage.dll
[0808/194242:ERROR:process_reader_win.cc(232)] ReadMemory at 0x74260000 of 64 bytes failed: ReadProcessMemory 또는 WriteProcessMemory의 일부 작업만을 마쳤습니다. (0x12B)
[0808/194242:WARNING:pe_image_reader.cc(280)] could not read dos header from C:\WINDOWS\SYSTEM32\SHELL32.dll
[0808/194242:ERROR:process_reader_win.cc(232)] ReadMemory at 0x763e0000 of 64 bytes failed: ReadProcessMemory 또는 WriteProcessMemory의 일부 작업만을 마쳤습니다. (0x12B)
[0808/194242:WARNING:pe_image_reader.cc(280)] could not read dos header from C:\WINDOWS\SYSTEM32\PSAPI.DLL
[0808/194242:ERROR:process_reader_win.cc(232)] ReadMemory at 0x73ee0000 of 64 bytes failed: ReadProcessMemory 또는 WriteProcessMemory의 일부 작업만을 마쳤습니다. (0x12B)
[0808/194242:WARNING:pe_image_reader.cc(280)] could not read dos header from C:\WINDOWS\SYSTEM32\bcrypt.dll
[0808/194242:ERROR:process_reader_win.cc(232)] ReadMemory at 0x73f10000 of 64 bytes failed: ReadProcessMemory 또는 WriteProcessMemory의 일부 작업만을 마쳤습니다. (0x12B)
[0808/194242:WARNING:pe_image_reader.cc(280)] could not read dos header from C:\WINDOWS\SYSTEM32\WINSPOOL.DRV
[0808/194242:ERROR:process_reader_win.cc(232)] ReadMemory at 0x72a30000 of 64 bytes failed: ReadProcessMemory 또는 WriteProcessMemory의 일부 작업만을 마쳤습니다. (0x12B)
[0808/194242:WARNING:pe_image_reader.cc(280)] could not read dos header from C:\WINDOWS\WinSxS\x86_microsoft.windows.common-controls_6595b64144ccf1df_6.0.10586.494_none_ea85e725b9ba5a4b\COMCTL32.dll
[0808/194242:ERROR:process_reader_win.cc(232)] ReadMemory at 0x769d0000 of 64 bytes failed: ReadProcessMemory 또는 WriteProcessMemory의 일부 작업만을 마쳤습니다. (0x12B)
[0808/194242:WARNING:pe_image_reader.cc(280)] could not read dos header from C:\WINDOWS\SYSTEM32\FirewallAPI.dll
[0808/194242:ERROR:process_reader_win.cc(232)] ReadMemory at 0x73420000 of 64 bytes failed: ReadProcessMemory 또는 WriteProcessMemory의 일부 작업만을 마쳤습니다. (0x12B)
[0808/194242:WARNING:pe_image_reader.cc(280)] could not read dos header from C:\WINDOWS\SYSTEM32\fwbase.dll
[0808/194242:ERROR:process_reader_win.cc(232)] ReadMemory at 0x75e50000 of 64 bytes failed: ReadProcessMemory 또는 WriteProcessMemory의 일부 작업만을 마쳤습니다. (0x12B)
[0808/194242:WARNING:pe_image_reader.cc(280)] could not read dos header from C:\WINDOWS\SYSTEM32\NETAPI32.dll
[0808/194242:ERROR:process_reader_win.cc(232)] ReadMemory at 0x73450000 of 64 bytes failed: ReadProcessMemory 또는 WriteProcessMemory의 일부 작업만을 마쳤습니다. (0x12B)
[0808/194242:WARNING:pe_image_reader.cc(280)] could not read dos header from C:\WINDOWS\SYSTEM32\DAVHLPR.DLL
[0808/194242:ERROR:process_reader_win.cc(232)] ReadMemory at 0x767c0000 of 64 bytes failed: ReadProcessMemory 또는 WriteProcessMemory의 일부 작업만을 마쳤습니다. (0x12B)
[0808/194242:WARNING:pe_image_reader.cc(280)] could not read dos header from C:\WINDOWS\SYSTEM32\COMDLG32.dll
[0808/194242:ERROR:process_reader_win.cc(232)] ReadMemory at 0x766d0000 of 64 bytes failed: ReadProcessMemory 또는 WriteProcessMemory의 일부 작업만을 마쳤습니다. (0x12B)
[0808/194242:WARNING:pe_image_reader.cc(280)] could not read dos header from C:\WINDOWS\SYSTEM32\ole32.dll
[0808/194242:ERROR:process_reader_win.cc(232)] ReadMemory at 0x763f0000 of 64 bytes failed: ReadProcessMemory 또는 WriteProcessMemory의 일부 작업만을 마쳤습니다. (0x12B)
[0808/194242:WARNING:pe_image_reader.cc(280)] could not read dos header from C:\WINDOWS\SYSTEM32\OLEAUT32.dll
[0808/194242:ERROR:process_reader_win.cc(232)] ReadMemory at 0x73ca0000 of 64 bytes failed: ReadProcessMemory 또는 WriteProcessMemory의 일부 작업만을 마쳤습니다. (0x12B)
[0808/194242:WARNING:pe_image_reader.cc(280)] could not read dos header from C:\WINDOWS\SYSTEM32\IPHLPAPI.DLL
[0808/194242:ERROR:process_reader_win.cc(232)] ReadMemory at 0x76b20000 of 64 bytes failed: ReadProcessMemory 또는 WriteProcessMemory의 일부 작업만을 마쳤습니다. (0x12B)
[0808/194242:WARNING:pe_image_reader.cc(280)] could not read dos header from C:\WINDOWS\SYSTEM32\WS2_32.dll
[0808/194242:ERROR:process_reader_win.cc(232)] ReadMemory at 0x763c0000 of 64 bytes failed: ReadProcessMemory 또는 WriteProcessMemory의 일부 작업만을 마쳤습니다. (0x12B)
[0808/194242:WARNING:pe_image_reader.cc(280)] could not read dos header from C:\WINDOWS\SYSTEM32\USP10.dll
[0808/194242:ERROR:process_reader_win.cc(232)] ReadMemory at 0x771c0000 of 64 bytes failed: ReadProcessMemory 또는 WriteProcessMemory의 일부 작업만을 마쳤습니다. (0x12B)
[0808/194242:WARNING:pe_image_reader.cc(280)] could not read dos header from C:\WINDOWS\SYSTEM32\MSASN1.dll
[0808/194242:ERROR:process_reader_win.cc(232)] ReadMemory at 0x756f0000 of 64 bytes failed: ReadProcessMemory 또는 WriteProcessMemory의 일부 작업만을 마쳤습니다. (0x12B)
[0808/194242:WARNING:pe_image_reader.cc(280)] could not read dos header from C:\WINDOWS\SYSTEM32\CRYPT32.dll
[0808/194242:ERROR:process_reader_win.cc(232)] ReadMemory at 0x75d70000 of 64 bytes failed: ReadProcessMemory 또는 WriteProcessMemory의 일부 작업만을 마쳤습니다. (0x12B)
[0808/194242:WARNING:pe_image_reader.cc(280)] could not read dos header from C:\WINDOWS\SYSTEM32\WINTRUST.dll
[0808/194242:ERROR:process_reader_win.cc(232)] ReadMemory at 0x72340000 of 64 bytes failed: ReadProcessMemory 또는 WriteProcessMemory의 일부 작업만을 마쳤습니다. (0x12B)
[0808/194242:WARNING:pe_image_reader.cc(280)] could not read dos header from C:\WINDOWS\SYSTEM32\Secur32.dll
[0808/194242:ERROR:process_reader_win.cc(232)] ReadMemory at 0x5a7f0000 of 64 bytes failed: ReadProcessMemory 또는 WriteProcessMemory의 일부 작업만을 마쳤습니다. (0x12B)
[0808/194242:WARNING:pe_image_reader.cc(280)] could not read dos header from C:\Program Files (x86)\Google\Chrome\Application\51.0.2704.103\chrome_child.dll
[0808/194242:ERROR:process_reader_win.cc(232)] ReadMemory at 0x6f6c0000 of 64 bytes failed: ReadProcessMemory 또는 WriteProcessMemory의 일부 작업만을 마쳤습니다. (0x12B)
[0808/194242:WARNING:pe_image_reader.cc(280)] could not read dos header from C:\WINDOWS\SYSTEM32\dwrite.dll
[0808/194242:ERROR:process_reader_win.cc(98)] process 1652 not found
[0808/194242:ERROR:process_reader_win.cc(232)] ReadMemory at 0x1090000 of 64 bytes failed: ReadProcessMemory 또는 WriteProcessMemory의 일부 작업만을 마쳤습니다. (0x12B)
[0808/194242:WARNING:pe_image_reader.cc(280)] could not read dos header from C:\Program Files (x86)\Google\Chrome\Application\chrome.exe
[0808/194242:ERROR:process_reader_win.cc(232)] ReadMemory at 0x77320000 of 64 bytes failed: ReadProcessMemory 또는 WriteProcessMemory의 일부 작업만을 마쳤습니다. (0x12B)
[0808/194242:WARNING:pe_image_reader.cc(280)] could not read dos header from C:\WINDOWS\SYSTEM32\ntdll.dll
[0808/194242:ERROR:process_reader_win.cc(232)] ReadMemory at 0x76b80000 of 64 bytes failed: ReadProcessMemory 또는 WriteProcessMemory의 일부 작업만을 마쳤습니다. (0x12B)
[0808/194242:WARNING:pe_image_reader.cc(280)] could not read dos header from C:\WINDOWS\SYSTEM32\KERNELBASE.dll
[0808/194242:ERROR:process_reader_win.cc(232)] ReadMemory at 0x76a30000 of 64 bytes failed: ReadProcessMemory 또는 WriteProcessMemory의 일부 작업만을 마쳤습니다. (0x12B)
[0808/194242:WARNING:pe_image_reader.cc(280)] could not read dos header from C:\WINDOWS\SYSTEM32\KERNEL32.DLL
[0808/194242:ERROR:process_reader_win.cc(232)] ReadMemory at 0x73f80000 of 64 bytes failed: ReadProcessMemory 또는 WriteProcessMemory의 일부 작업만을 마쳤습니다. (0x12B)
[0808/194242:WARNING:pe_image_reader.cc(280)] could not read dos header from C:\WINDOWS\system32\apphelp.dll
[0808/194242:ERROR:process_reader_win.cc(232)] ReadMemory at 0x768c0000 of 64 bytes failed: ReadProcessMemory 또는 WriteProcessMemory의 일부 작업만을 마쳤습니다. (0x12B)
[0808/194242:WARNING:pe_image_reader.cc(280)] could not read dos header from C:\WINDOWS\SYSTEM32\msvcrt.dll
[0808/194242:ERROR:process_reader_win.cc(232)] ReadMemory at 0x772c0000 of 64 bytes failed: ReadProcessMemory 또는 WriteProcessMemory의 일부 작업만을 마쳤습니다. (0x12B)
[0808/194242:WARNING:pe_image_reader.cc(280)] could not read dos header from C:\WINDOWS\SYSTEM32\bcryptPrimitives.dll
[0808/194242:ERROR:process_reader_win.cc(232)] ReadMemory at 0x74020000 of 64 bytes failed: ReadProcessMemory 또는 WriteProcessMemory의 일부 작업만을 마쳤습니다. (0x12B)
[0808/194242:WARNING:pe_image_reader.cc(280)] could not read dos header from C:\WINDOWS\SYSTEM32\CRYPTBASE.dll
[0808/194242:ERROR:process_reader_win.cc(232)] ReadMemory at 0x74030000 of 64 bytes failed: ReadProcessMemory 또는 WriteProcessMemory의 일부 작업만을 마쳤습니다. (0x12B)
[0808/194242:WARNING:pe_image_reader.cc(280)] could not read dos header from C:\WINDOWS\SYSTEM32\SspiCli.dll
[0808/194242:ERROR:process_reader_win.cc(232)] ReadMemory at 0x765c0000 of 64 bytes failed: ReadProcessMemory 또는 WriteProcessMemory의 일부 작업만을 마쳤습니다. (0x12B)
[0808/194242:WARNING:pe_image_reader.cc(280)] could not read dos header from C:\WINDOWS\SYSTEM32\RPCRT4.dll
[0808/194242:ERROR:process_reader_win.cc(232)] ReadMemory at 0x76980000 of 64 bytes failed: ReadProcessMemory 또는 WriteProcessMemory의 일부 작업만을 마쳤습니다. (0x12B)
[0808/194242:WARNING:pe_image_reader.cc(280)] could not read dos header from C:\WINDOWS\SYSTEM32\sechost.dll
[0808/194242:ERROR:process_reader_win.cc(232)] ReadMemory at 0x75e70000 of 64 bytes failed: ReadProcessMemory 또는 WriteProcessMemory의 일부 작업만을 마쳤습니다. (0x12B)
[0808/194242:WARNING:pe_image_reader.cc(280)] could not read dos header from C:\WINDOWS\SYSTEM32\ADVAPI32.dll
[0808/194242:ERROR:process_reader_win.cc(232)] ReadMemory at 0x5fc80000 of 64 bytes failed: ReadProcessMemory 또는 WriteProcessMemory의 일부 작업만을 마쳤습니다. (0x12B)
[0808/194242:WARNING:pe_image_reader.cc(280)] could not read dos header from C:\Program Files (x86)\Google\Chrome\Application\51.0.2704.103\chrome_elf.dll
[0808/194242:ERROR:process_reader_win.cc(232)] ReadMemory at 0x73f00000 of 64 bytes failed: ReadProcessMemory 또는 WriteProcessMemory의 일부 작업만을 마쳤습니다. (0x12B)
[0808/194242:WARNING:pe_image_reader.cc(280)] could not read dos header from C:\WINDOWS\SYSTEM32\VERSION.dll
[0808/194242:ERROR:process_reader_win.cc(232)] ReadMemory at 0x771d0000 of 64 bytes failed: ReadProcessMemory 또는 WriteProcessMemory의 일부 작업만을 마쳤습니다. (0x12B)
[0808/194242:WARNING:pe_image_reader.cc(280)] could not read dos header from C:\WINDOWS\SYSTEM32\cfgmgr32.dll
[0808/194242:ERROR:process_reader_win.cc(232)] ReadMemory at 0x734d0000 of 64 bytes failed: ReadProcessMemory 또는 WriteProcessMemory의 일부 작업만을 마쳤습니다. (0x12B)
[0808/194242:WARNING:pe_image_reader.cc(280)] could not read dos header from C:\WINDOWS\SYSTEM32\WINMMBASE.dll
[0808/194242:ERROR:process_reader_win.cc(232)] ReadMemory at 0x76ea0000 of 64 bytes failed: ReadProcessMemory 또는 WriteProcessMemory의 일부 작업만을 마쳤습니다. (0x12B)
[0808/194242:WARNING:pe_image_reader.cc(280)] could not read dos header from C:\WINDOWS\SYSTEM32\GDI32.dll
[0808/194242:ERROR:process_reader_win.cc(232)] ReadMemory at 0x76d50000 of 64 bytes failed: ReadProcessMemory 또는 WriteProcessMemory의 일부 작업만을 마쳤습니다. (0x12B)
[0808/194242:WARNING:pe_image_reader.cc(280)] could not read dos header from C:\WINDOWS\SYSTEM32\USER32.dll
[0808/194242:ERROR:process_reader_win.cc(232)] ReadMemory at 0x756c0000 of 64 bytes failed: ReadProcessMemory 또는 WriteProcessMemory의 일부 작업만을 마쳤습니다. (0x12B)
[0808/194242:WARNING:pe_image_reader.cc(280)] could not read dos header from C:\WINDOWS\SYSTEM32\IMM32.DLL
[0808/194242:ERROR:process_reader_win.cc(232)] ReadMemory at 0x73b80000 of 64 bytes failed: ReadProcessMemory 또는 WriteProcessMemory의 일부 작업만을 마쳤습니다. (0x12B)
[0808/194242:WARNING:pe_image_reader.cc(280)] could not read dos header from C:\WINDOWS\SYSTEM32\WINMM.dll
[0808/194242:ERROR:process_reader_win.cc(232)] ReadMemory at 0x77210000 of 64 bytes failed: ReadProcessMemory 또는 WriteProcessMemory의 일부 작업만을 마쳤습니다. (0x12B)
[0808/194242:WARNING:pe_image_reader.cc(280)] could not read dos header from C:\WINDOWS\SYSTEM32\profapi.dll
[0808/194242:ERROR:process_reader_win.cc(232)] ReadMemory at 0x73b60000 of 64 bytes failed: ReadProcessMemory 또는 WriteProcessMemory의 일부 작업만을 마쳤습니다. (0x12B)
[0808/194242:WARNING:pe_image_reader.cc(280)] could not read dos header from C:\WINDOWS\SYSTEM32\USERENV.dll
[0808/194242:ERROR:process_reader_win.cc(232)] ReadMemory at 0x73e90000 of 64 bytes failed: ReadProcessMemory 또는 WriteProcessMemory의 일부 작업만을 마쳤습니다. (0x12B)
[0808/194242:WARNING:pe_image_reader.cc(280)] could not read dos header from C:\WINDOWS\SYSTEM32\WTSAPI32.dll
[0808/194242:ERROR:process_reader_win.cc(232)] ReadMemory at 0x73bb0000 of 64 bytes failed: ReadProcessMemory 또는 WriteProcessMemory의 일부 작업만을 마쳤습니다. (0x12B)
[0808/194242:WARNING:pe_image_reader.cc(280)] could not read dos header from C:\WINDOWS\SYSTEM32\WINHTTP.dll
[0808/194242:ERROR:process_reader_win.cc(232)] ReadMemory at 0x740a0000 of 64 bytes failed: ReadProcessMemory 또는 WriteProcessMemory의 일부 작업만을 마쳤습니다. (0x12B)
[0808/194242:WARNING:pe_image_reader.cc(280)] could not read dos header from C:\WINDOWS\SYSTEM32\combase.dll
[0808/194242:ERROR:process_reader_win.cc(232)] ReadMemory at 0x74050000 of 64 bytes failed: ReadProcessMemory 또는 WriteProcessMemory의 일부 작업만을 마쳤습니다. (0x12B)
[0808/194242:WARNING:pe_image_reader.cc(280)] could not read dos header from C:\WINDOWS\SYSTEM32\shlwapi.dll
[0808/194242:ERROR:process_reader_win.cc(232)] ReadMemory at 0x75f80000 of 64 bytes failed: ReadProcessMemory 또는 WriteProcessMemory의 일부 작업만을 마쳤습니다. (0x12B)
[0808/194242:WARNING:pe_image_reader.cc(280)] could not read dos header from C:\WINDOWS\SYSTEM32\kernel.appcore.dll
[0808/194242:ERROR:process_reader_win.cc(232)] ReadMemory at 0x75dc0000 of 64 bytes failed: ReadProcessMemory 또는 WriteProcessMemory의 일부 작업만을 마쳤습니다. (0x12B)
[0808/194242:WARNING:pe_image_reader.cc(280)] could not read dos header from C:\WINDOWS\SYSTEM32\shcore.dll
[0808/194242:ERROR:process_reader_win.cc(232)] ReadMemory at 0x76d00000 of 64 bytes failed: ReadProcessMemory 또는 WriteProcessMemory의 일부 작업만을 마쳤습니다. (0x12B)
[0808/194242:WARNING:pe_image_reader.cc(280)] could not read dos header from C:\WINDOWS\SYSTEM32\powrprof.dll
[0808/194242:ERROR:process_reader_win.cc(232)] ReadMemory at 0x75870000 of 64 bytes failed: ReadProcessMemory 또는 WriteProcessMemory의 일부 작업만을 마쳤습니다. (0x12B)
[0808/194242:WARNING:pe_image_reader.cc(280)] could not read dos header from C:\WINDOWS\SYSTEM32\windows.storage.dll
[0808/194242:ERROR:process_reader_win.cc(232)] ReadMemory at 0x74260000 of 64 bytes failed: ReadProcessMemory 또는 WriteProcessMemory의 일부 작업만을 마쳤습니다. (0x12B)
[0808/194242:WARNING:pe_image_reader.cc(280)] could not read dos header from C:\WINDOWS\SYSTEM32\SHELL32.dll
[0808/194242:ERROR:process_reader_win.cc(232)] ReadMemory at 0x763e0000 of 64 bytes failed: ReadProcessMemory 또는 WriteProcessMemory의 일부 작업만을 마쳤습니다. (0x12B)
[0808/194242:WARNING:pe_image_reader.cc(280)] could not read dos header from C:\WINDOWS\SYSTEM32\PSAPI.DLL
[0808/194242:ERROR:process_reader_win.cc(232)] ReadMemory at 0x73ee0000 of 64 bytes failed: ReadProcessMemory 또는 WriteProcessMemory의 일부 작업만을 마쳤습니다. (0x12B)
[0808/194242:WARNING:pe_image_reader.cc(280)] could not read dos header from C:\WINDOWS\SYSTEM32\bcrypt.dll
[0808/194242:ERROR:process_reader_win.cc(232)] ReadMemory at 0x73f10000 of 64 bytes failed: ReadProcessMemory 또는 WriteProcessMemory의 일부 작업만을 마쳤습니다. (0x12B)
[0808/194242:WARNING:pe_image_reader.cc(280)] could not read dos header from C:\WINDOWS\SYSTEM32\WINSPOOL.DRV
[0808/194242:ERROR:process_reader_win.cc(232)] ReadMemory at 0x72a30000 of 64 bytes failed: ReadProcessMemory 또는 WriteProcessMemory의 일부 작업만을 마쳤습니다. (0x12B)
[0808/194242:WARNING:pe_image_reader.cc(280)] could not read dos header from C:\WINDOWS\WinSxS\x86_microsoft.windows.common-controls_6595b64144ccf1df_6.0.10586.494_none_ea85e725b9ba5a4b\COMCTL32.dll
[0808/194242:ERROR:process_reader_win.cc(232)] ReadMemory at 0x769d0000 of 64 bytes failed: ReadProcessMemory 또는 WriteProcessMemory의 일부 작업만을 마쳤습니다. (0x12B)
[0808/194242:WARNING:pe_image_reader.cc(280)] could not read dos header from C:\WINDOWS\SYSTEM32\FirewallAPI.dll
[0808/194242:ERROR:process_reader_win.cc(232)] ReadMemory at 0x73420000 of 64 bytes failed: ReadProcessMemory 또는 WriteProcessMemory의 일부 작업만을 마쳤습니다. (0x12B)
[0808/194242:WARNING:pe_image_reader.cc(280)] could not read dos header from C:\WINDOWS\SYSTEM32\fwbase.dll
[0808/194242:ERROR:process_reader_win.cc(232)] ReadMemory at 0x75e50000 of 64 bytes failed: ReadProcessMemory 또는 WriteProcessMemory의 일부 작업만을 마쳤습니다. (0x12B)
[0808/194242:WARNING:pe_image_reader.cc(280)] could not read dos header from C:\WINDOWS\SYSTEM32\NETAPI32.dll
[0808/194242:ERROR:process_reader_win.cc(232)] ReadMemory at 0x73450000 of 64 bytes failed: ReadProcessMemory 또는 WriteProcessMemory의 일부 작업만을 마쳤습니다. (0x12B)
[0808/194242:WARNING:pe_image_reader.cc(280)] could not read dos header from C:\WINDOWS\SYSTEM32\DAVHLPR.DLL
[0808/194242:ERROR:process_reader_win.cc(232)] ReadMemory at 0x767c0000 of 64 bytes failed: ReadProcessMemory 또는 WriteProcessMemory의 일부 작업만을 마쳤습니다. (0x12B)
[0808/194242:WARNING:pe_image_reader.cc(280)] could not read dos header from C:\WINDOWS\SYSTEM32\COMDLG32.dll
[0808/194242:ERROR:process_reader_win.cc(232)] ReadMemory at 0x766d0000 of 64 bytes failed: ReadProcessMemory 또는 WriteProcessMemory의 일부 작업만을 마쳤습니다. (0x12B)
[0808/194242:WARNING:pe_image_reader.cc(280)] could not read dos header from C:\WINDOWS\SYSTEM32\ole32.dll
[0808/194242:ERROR:process_reader_win.cc(232)] ReadMemory at 0x763f0000 of 64 bytes failed: ReadProcessMemory 또는 WriteProcessMemory의 일부 작업만을 마쳤습니다. (0x12B)
[0808/194242:WARNING:pe_image_reader.cc(280)] could not read dos header from C:\WINDOWS\SYSTEM32\OLEAUT32.dll
[0808/194242:ERROR:process_reader_win.cc(232)] ReadMemory at 0x73ca0000 of 64 bytes failed: ReadProcessMemory 또는 WriteProcessMemory의 일부 작업만을 마쳤습니다. (0x12B)
[0808/194242:WARNING:pe_image_reader.cc(280)] could not read dos header from C:\WINDOWS\SYSTEM32\IPHLPAPI.DLL
[0808/194242:ERROR:process_reader_win.cc(232)] ReadMemory at 0x76b20000 of 64 bytes failed: ReadProcessMemory 또는 WriteProcessMemory의 일부 작업만을 마쳤습니다. (0x12B)
[0808/194242:WARNING:pe_image_reader.cc(280)] could not read dos header from C:\WINDOWS\SYSTEM32\WS2_32.dll
[0808/194242:ERROR:process_reader_win.cc(232)] ReadMemory at 0x763c0000 of 64 bytes failed: ReadProcessMemory 또는 WriteProcessMemory의 일부 작업만을 마쳤습니다. (0x12B)
[0808/194242:WARNING:pe_image_reader.cc(280)] could not read dos header from C:\WINDOWS\SYSTEM32\USP10.dll
[0808/194242:ERROR:process_reader_win.cc(232)] ReadMemory at 0x771c0000 of 64 bytes failed: ReadProcessMemory 또는 WriteProcessMemory의 일부 작업만을 마쳤습니다. (0x12B)
[0808/194242:WARNING:pe_image_reader.cc(280)] could not read dos header from C:\WINDOWS\SYSTEM32\MSASN1.dll
[0808/194242:ERROR:process_reader_win.cc(232)] ReadMemory at 0x756f0000 of 64 bytes failed: ReadProcessMemory 또는 WriteProcessMemory의 일부 작업만을 마쳤습니다. (0x12B)
[0808/194242:WARNING:pe_image_reader.cc(280)] could not read dos header from C:\WINDOWS\SYSTEM32\CRYPT32.dll
[0808/194242:ERROR:process_reader_win.cc(232)] ReadMemory at 0x75d70000 of 64 bytes failed: ReadProcessMemory 또는 WriteProcessMemory의 일부 작업만을 마쳤습니다. (0x12B)
[0808/194242:WARNING:pe_image_reader.cc(280)] could not read dos header from C:\WINDOWS\SYSTEM32\WINTRUST.dll
[0808/194242:ERROR:process_reader_win.cc(232)] ReadMemory at 0x72340000 of 64 bytes failed: ReadProcessMemory 또는 WriteProcessMemory의 일부 작업만을 마쳤습니다. (0x12B)
[0808/194242:WARNING:pe_image_reader.cc(280)] could not read dos header from C:\WINDOWS\SYSTEM32\Secur32.dll
[0808/194242:ERROR:process_reader_win.cc(232)] ReadMemory at 0x5a7f0000 of 64 bytes failed: ReadProcessMemory 또는 WriteProcessMemory의 일부 작업만을 마쳤습니다. (0x12B)
[0808/194242:WARNING:pe_image_reader.cc(280)] could not read dos header from C:\Program Files (x86)\Google\Chrome\Application\51.0.2704.103\chrome_child.dll
[0808/194242:ERROR:process_reader_win.cc(232)] ReadMemory at 0x6f6c0000 of 64 bytes failed: ReadProcessMemory 또는 WriteProcessMemory의 일부 작업만을 마쳤습니다. (0x12B)
[0808/194242:WARNING:pe_image_reader.cc(280)] could not read dos header from C:\WINDOWS\SYSTEM32\dwrite.dll
[0808/194242:ERROR:process_reader_win.cc(232)] ReadMemory at 0x114c374 of 12 bytes failed: ReadProcessMemory 또는 WriteProcessMemory의 일부 작업만을 마쳤습니다. (0x12B)
[0808/194242:WARNING:process_snapshot_win.cc(102)] ReadMemory ExceptionInformation failed
[0808/194242:WARNING:crash_report_exception_handler.cc(60)] ProcessSnapshotWin::InitializeException failed
[0808/194242:ERROR:scoped_process_suspend.cc(38)] NtResumeProcess, ntstatus=-1073741558
